  [1m[36m (21.7ms)[0m  [1mCREATE TABLE "schema_migrations" ("version" character varying NOT NULL) [0m
  [1m[35m (4.9ms)[0m  CREATE UNIQUE INDEX  "unique_schema_migrations" ON "schema_migrations"  ("version")
  [1m[36mActiveRecord::SchemaMigration Load (0.4ms)[0m  [1mSELECT "schema_migrations".* FROM "schema_migrations"[0m
Migrating to CreateShops (20160531061301)
  [1m[35m (1.8ms)[0m  BEGIN
DEPRECATION WARNING: `#timestamps` was called without specifying an option for `null`. In Rails 5, this behavior will change to `null: false`. You should manually specify `null: true` to prevent the behavior of your existing migrations from changing. (called from block in up at /Users/Shibl/Google Drive/Coding/healthiest/shopify-tabs/db/migrate/20160531061301_create_shops.rb:6)
  [1m[36m (19.2ms)[0m  [1mCREATE TABLE "shops" ("id" serial primary key, "shopify_domain" character varying NOT NULL, "shopify_token" character varying NOT NULL, "created_at" timestamp, "updated_at" timestamp) [0m
  [1m[35m (2.1ms)[0m  CREATE UNIQUE INDEX  "index_shops_on_shopify_domain" ON "shops"  ("shopify_domain")
  [1m[36mSQL (6.5ms)[0m  [1mINSERT INTO "schema_migrations" ("version") VALUES ($1)[0m  [["version", "20160531061301"]]
  [1m[35m (1.4ms)[0m  COMMIT
  [1m[36mActiveRecord::SchemaMigration Load (0.3ms)[0m  [1mSELECT "schema_migrations".* FROM "schema_migrations"[0m
  [1m[35m (5.3ms)[0m  SELECT t2.oid::regclass::text AS to_table, a1.attname AS column, a2.attname AS primary_key, c.conname AS name, c.confupdtype AS on_update, c.confdeltype AS on_delete
FROM pg_constraint c
JOIN pg_class t1 ON c.conrelid = t1.oid
JOIN pg_class t2 ON c.confrelid = t2.oid
JOIN pg_attribute a1 ON a1.attnum = c.conkey[1] AND a1.attrelid = t1.oid
JOIN pg_attribute a2 ON a2.attnum = c.confkey[1] AND a2.attrelid = t2.oid
JOIN pg_namespace t3 ON c.connamespace = t3.oid
WHERE c.contype = 'f'
  AND t1.relname = 'shops'
  AND t3.nspname = ANY (current_schemas(false))
ORDER BY c.conname

  [1m[36mShop Load (3.9ms)[0m  [1mSELECT "shops".* FROM "shops"[0m
